[16:15:17] [Server thread/INFO]: Starting minecraft server version 1.7.10
[16:15:39] [Server thread/INFO]: Loading properties
[16:15:39] [Server thread/INFO]: Default game type: SURVIVAL
[16:15:39] [Server thread/INFO]: Generating keypair
[16:15:39] [Server thread/INFO]: Starting Minecraft server on *:25565
[16:16:18] [Server thread/WARN]: Failed to load operators list: 
java.io.FileNotFoundException: ops.json (The system cannot find the file specified)
	at java.io.FileInputStream.open0(Native Method) ~[?:1.8.0_281]
	at java.io.FileInputStream.open(Unknown Source) ~[?:1.8.0_281]
	at java.io.FileInputStream.<init>(Unknown Source) ~[?:1.8.0_281]
	at com.google.common.io.Files.newReader(Files.java:86) ~[guava-17.0.jar:?]
	at net.minecraft.server.management.UserList.func_152679_g(SourceFile:124) ~[om.class:?]
	at net.minecraft.server.dedicated.DedicatedPlayerList.func_72417_t(SourceFile:107) [ls.class:?]
	at net.minecraft.server.dedicated.DedicatedPlayerList.<init>(SourceFile:29) [ls.class:?]
	at net.minecraft.server.dedicated.DedicatedServer.func_71197_b(DedicatedServer.java:211) [lt.class:?]
	at net.minecraft.server.MinecraftServer.run(MinecraftServer.java:387) [MinecraftServer.class:?]
	at net.minecraft.server.MinecraftServer$2.run(MinecraftServer.java:685) [li.class:?]
[16:16:18] [Server thread/INFO]: Preparing level "world"
[16:16:22] [Server thread/INFO]: Preparing start region for level 0
[16:16:23] [Server thread/INFO]: Done (4.828s)! For help, type "help" or "?"
[16:18:15] [User Authenticator #1/INFO]: UUID of player Vynzii is 2dbc3e87-59f2-4882-83b6-77423511e662
[16:18:16] [Server thread/INFO]: Vynzii[/127.0.0.1:53395] logged in with entity id 754 at (-166.2078578615943, 64.0, 246.0890449196208)
[16:18:16] [Server thread/INFO]: Vynzii joined the game
[16:19:03] [Server thread/INFO]: Vynzii lost connection: TextComponent{text='Disconnected', siblings=[], style=Style{hasParent=false, color=null, bold=null, italic=null, underlined=null, obfuscated=null, clickEvent=null, hoverEvent=null}}
[16:19:03] [Server thread/INFO]: Vynzii left the game
[16:19:08] [Server thread/INFO]: Stopping the server
[16:19:08] [Server thread/INFO]: Stopping server
[16:19:08] [Server thread/INFO]: Saving players
[16:19:08] [Server thread/INFO]: Saving worlds
[16:19:08] [Server thread/INFO]: Saving chunks for level 'world'/Overworld
[16:19:08] [Server thread/INFO]: Saving chunks for level 'world'/Nether
[16:19:08] [Server thread/INFO]: Saving chunks for level 'world'/The End
[16:19:08] [Server thread/INFO]: Saving chunks for level 'world'/Spirit World
[16:19:08] [Server thread/INFO]: Saving chunks for level 'world'/Torment
[16:19:08] [Server thread/INFO]: Saving chunks for level 'world'/Mirror
[16:19:08] [Server thread/INFO]: Saving chunks for level 'world'/The Outer Lands
[16:19:08] [Server thread/INFO]: Saving chunks for level 'world'/Pocket Plane
[16:19:08] [Server thread/INFO]: Saving chunks for level 'world'/Underdark
[16:19:08] [Server thread/INFO]: Saving chunks for level 'world'/Iceika
[16:19:08] [Server thread/INFO]: Saving chunks for level 'world'/Arcana
[16:19:08] [Server thread/INFO]: Saving chunks for level 'world'/Vethea
[16:19:08] [Server thread/INFO]: Saving chunks for level 'world'/Twilight Forest
[16:19:08] [Server thread/INFO]: Saving chunks for level 'world'/Mortum
[16:19:08] [Server thread/INFO]: Saving chunks for level 'world'/Skythern
[16:19:08] [Server thread/INFO]: Saving chunks for level 'world'/Apalachia
[16:19:08] [Server thread/INFO]: Saving chunks for level 'world'/The Wildwood
[16:19:08] [Server thread/INFO]: Saving chunks for level 'world'/The Last Millenium
[16:19:08] [Server thread/INFO]: Saving chunks for level 'world'/Eden
[16:19:08] [Server thread/INFO]: Saving chunks for level 'world'/Bedrock
